2024-07-12T13:30:30.116Z [[33mwarn[39m]: Email and password are required
2024-07-12T13:30:30.132Z [[31merror[39m]: Error logging in Cannot read properties of undefined (reading 'code')
2024-07-12T13:30:35.627Z [[33mwarn[39m]: Invalid credentials for email: admin@admin
2024-07-12T13:31:28.986Z [[33mwarn[39m]: Invalid credentials for email: admin@admin
2024-07-12T13:31:35.301Z [[33mwarn[39m]: Email and password are required
2024-07-12T13:31:41.732Z [[33mwarn[39m]: Invalid credentials for email: admin@admin
2024-07-12T13:31:47.755Z [[32minfo[39m]: User logged in: admin@admin.com
2024-07-12T13:35:48.477Z [[32minfo[39m]: User logged in: admin@admin.com
2024-07-12T13:36:20.969Z [[33mwarn[39m]: Validation failed for createCategory
2024-07-15T07:26:51.494Z [[32minfo[39m]: Category created successfully: 7e5dd3fc-3747-4cb1-b0ce-c38a1c6b70c0
2024-07-15T07:32:07.032Z [[32minfo[39m]: User logged in: admin@admin.com
2024-07-15T07:39:09.381Z [[32minfo[39m]: User logged in: admin@admin.com
2024-07-15T07:40:04.225Z [[32minfo[39m]: User logged in: admin@admin.com
2024-07-15T07:40:20.941Z [[32minfo[39m]: Category created successfully: 94018602-e27c-42c5-9ac1-226b38cefd08
2024-07-15T07:43:34.126Z [[32minfo[39m]: User logged in: admin@admin.com
2024-07-15T07:54:54.907Z [[32minfo[39m]: Brand created successfully: bb0dd7ba-73dd-48de-a5e0-1f4b045d1f4a
2024-07-15T07:55:41.480Z [[32minfo[39m]: Brands retrieved successfully
2024-07-15T07:56:50.267Z [[33mwarn[39m]: Brand not found with ID: 1e8c9c7e-ad92-40d1-a5ed-38f0bd4a360f
2024-07-15T07:56:57.452Z [[32minfo[39m]: Brand updated successfully: bb0dd7ba-73dd-48de-a5e0-1f4b045d1f4a
2024-07-15T07:57:23.065Z [[33mwarn[39m]: Brand not found with ID: 004f2644-8873-4a89-b91d-33ea4a1458ce
2024-07-15T07:57:27.384Z [[32minfo[39m]: Brand retrieved successfully: bb0dd7ba-73dd-48de-a5e0-1f4b045d1f4a
2024-07-15T07:57:43.108Z [[33mwarn[39m]: Brand not found with ID: 1e8c9c7e-ad92-40d1-a5ed-38f0bd4a360f
2024-07-15T07:57:47.854Z [[32minfo[39m]: Brand deleted successfully: bb0dd7ba-73dd-48de-a5e0-1f4b045d1f4a
2024-07-15T07:57:54.463Z [[32minfo[39m]: Brands retrieved successfully
2024-07-15T07:57:59.057Z [[32minfo[39m]: Brand created successfully: 58ca7996-e9a3-4a11-9943-e9ad1dea8d58
2024-07-15T07:58:06.875Z [[32minfo[39m]: Brands retrieved successfully
2024-07-15T08:17:45.659Z [[31merror[39m]: Error creating product: QueryFailedError: Cannot add or update a child row: a foreign key constraint fails (`enku`.`product`, CONSTRAINT `FK_ff0c0301a95e517153df97f6812` FOREIGN KEY (`categoryId`) REFERENCES `category` (`id`) ON DELETE NO ACTION ON UPDATE NO ACTION)
2024-07-15T08:18:31.915Z [[32minfo[39m]: Brands retrieved successfully
2024-07-15T08:19:12.229Z [[32minfo[39m]: Brand created successfully: 6e8afa63-828d-4f22-8bb8-35f586ffc6d3
2024-07-15T08:47:23.675Z [[32minfo[39m]: User logged in: admin@admin.com
2024-07-15T08:51:45.364Z [[32minfo[39m]: Category retrieved successfully:
2024-07-15T08:52:11.421Z [[32minfo[39m]: Category retrieved successfully:
2024-07-15T08:53:44.608Z [[32minfo[39m]: Category retrieved successfully:
2024-07-15T08:54:38.042Z [[32minfo[39m]: Category retrieved successfully:
2024-07-15T08:57:14.935Z [[32minfo[39m]: Category retrieved successfully:
2024-07-15T08:57:41.084Z [[32minfo[39m]: Category created successfully: 20d9c184-ac72-4984-9815-141dc69c84ed
2024-07-15T08:58:33.946Z [[32minfo[39m]: Category retrieved successfully:
2024-07-15T08:59:02.915Z [[32minfo[39m]: Category created successfully: ab20de6d-6c15-4179-9497-ca6f1e8735d2
2024-07-15T08:59:24.044Z [[33mwarn[39m]: Validation failed for updateCategory
2024-07-15T09:02:14.578Z [[32minfo[39m]: Category retrieved successfully:
2024-07-15T09:02:46.538Z [[32minfo[39m]: Category retrieved successfully:
2024-07-15T09:04:52.150Z [[32minfo[39m]: Category retrieved successfully:
2024-07-15T09:05:09.024Z [[32minfo[39m]: Category updated successfully: ab20de6d-6c15-4179-9497-ca6f1e8735d2
2024-07-15T09:05:19.953Z [[32minfo[39m]: Category retrieved successfully:
2024-07-15T09:05:32.238Z [[32minfo[39m]: Category deleted successfully: ab20de6d-6c15-4179-9497-ca6f1e8735d2
2024-07-15T09:05:43.622Z [[32minfo[39m]: Category retrieved successfully:
2024-07-15T09:05:51.805Z [[32minfo[39m]: Category deleted successfully: d5f67380-d3f0-4b49-b83b-cdd154b77f66
2024-07-15T09:11:20.672Z [[32minfo[39m]: SubCategories retrieved successfully
2024-07-15T09:17:55.296Z [[32minfo[39m]: Brands retrieved successfully
2024-07-15T09:19:22.693Z [[32minfo[39m]: Category retrieved successfully:
2024-07-15T09:19:29.501Z [[32minfo[39m]: Category retrieved successfully:
2024-07-15T09:19:35.388Z [[32minfo[39m]: Category retrieved successfully:
2024-07-15T09:19:40.286Z [[32minfo[39m]: Category retrieved successfully:
2024-07-15T09:21:02.707Z [[32minfo[39m]: Category retrieved successfully:
2024-07-15T09:22:03.157Z [[32minfo[39m]: Category retrieved successfully: 004f2644-8873-4a89-b91d-33ea4a1458ce
2024-07-15T09:22:31.317Z [[32minfo[39m]: Category retrieved successfully:
2024-07-15T09:23:36.855Z [[32minfo[39m]: Category retrieved successfully: 258e5751-9042-4392-82e9-13b138d74366
2024-07-15T09:24:14.190Z [[32minfo[39m]: Category retrieved successfully:
2024-07-15T09:24:29.129Z [[33mwarn[39m]: Brand not found with ID: bb0dd7ba-73dd-48de-a5e0-1f4b045d1f4a
2024-07-15T09:24:55.000Z [[32minfo[39m]: Category retrieved successfully:
2024-07-15T09:25:18.423Z [[32minfo[39m]: Category retrieved successfully:
2024-07-15T09:26:00.861Z [[32minfo[39m]: Category retrieved successfully:
2024-07-15T09:26:26.485Z [[33mwarn[39m]: Brand not found with ID: 0e79b449-5157-43b1-a494-4c610b56cbac
2024-07-15T09:26:45.865Z [[32minfo[39m]: Category retrieved successfully: 258e5751-9042-4392-82e9-13b138d74366
2024-07-15T09:27:31.745Z [[32minfo[39m]: Brands retrieved successfully
2024-07-15T09:34:33.312Z [[32minfo[39m]: Brands retrieved successfully
2024-07-15T09:34:49.033Z [[32minfo[39m]: Brand created successfully: b1696410-0bc8-44ef-a4a0-6a78c143bf79
2024-07-15T09:35:17.326Z [[32minfo[39m]: Brands retrieved successfully
2024-07-15T09:35:33.660Z [[32minfo[39m]: Brands retrieved successfully
2024-07-15T09:35:46.842Z [[33mwarn[39m]: Validation error: "id" is not allowed
2024-07-15T11:16:48.572Z [[32minfo[39m]: Category retrieved successfully:
2024-07-15T11:16:52.455Z [[32minfo[39m]: Category retrieved successfully:
2024-07-15T11:16:59.129Z [[32minfo[39m]: Brands retrieved successfully
2024-07-15T11:17:19.833Z [[32minfo[39m]: Brand updated successfully: b1696410-0bc8-44ef-a4a0-6a78c143bf79
2024-07-15T11:17:23.730Z [[32minfo[39m]: Brands retrieved successfully
2024-07-15T11:17:43.127Z [[32minfo[39m]: Brand updated successfully: b1696410-0bc8-44ef-a4a0-6a78c143bf79
2024-07-15T11:18:01.554Z [[32minfo[39m]: Brand deleted successfully: 6e8afa63-828d-4f22-8bb8-35f586ffc6d3
2024-07-15T11:18:20.541Z [[32minfo[39m]: Brands retrieved successfully
2024-07-15T11:18:46.573Z [[32minfo[39m]: Brand created successfully: 516ff1b9-d4c8-4ec1-af0f-91c84245ccf5
2024-07-15T11:18:56.121Z [[32minfo[39m]: Brand deleted successfully: 516ff1b9-d4c8-4ec1-af0f-91c84245ccf5
2024-07-15T11:19:15.256Z [[32minfo[39m]: Category retrieved successfully:
2024-07-15T11:20:30.509Z [[31merror[39m]: Foreign key constraint error: Cannot add or update a child row: a foreign key constraint fails (`enku`.`product`, CONSTRAINT `FK_ff0c0301a95e517153df97f6812` FOREIGN KEY (`categoryId`) REFERENCES `category` (`id`) ON DELETE NO ACTION ON UPDATE NO ACTION)
2024-07-15T11:22:26.633Z [[31merror[39m]: Foreign key constraint error: Cannot add or update a child row: a foreign key constraint fails (`enku`.`product`, CONSTRAINT `FK_8236507d7bac23e8ac4a2f31eb3` FOREIGN KEY (`subSubCategoryId`) REFERENCES `sub_sub_category` (`id`) ON DELETE NO ACTION ON UPDATE NO ACTION)
2024-07-15T11:22:42.466Z [[31merror[39m]: Foreign key constraint error: Cannot add or update a child row: a foreign key constraint fails (`enku`.`product`, CONSTRAINT `FK_8236507d7bac23e8ac4a2f31eb3` FOREIGN KEY (`subSubCategoryId`) REFERENCES `sub_sub_category` (`id`) ON DELETE NO ACTION ON UPDATE NO ACTION)
2024-07-15T11:22:55.883Z [[31merror[39m]: Foreign key constraint error: Cannot add or update a child row: a foreign key constraint fails (`enku`.`product`, CONSTRAINT `FK_bb7d3d9dc1fae40293795ae39d6` FOREIGN KEY (`brandId`) REFERENCES `brand` (`id`) ON DELETE NO ACTION ON UPDATE NO ACTION)
2024-07-15T11:28:24.772Z [[32minfo[39m]: Category retrieved successfully:
2024-07-15T11:37:22.765Z [[32minfo[39m]: Category retrieved successfully:
2024-07-15T11:54:52.970Z [[32minfo[39m]: Category retrieved successfully:
2024-07-15T11:58:22.916Z [[32minfo[39m]: Category retrieved successfully: 004f2644-8873-4a89-b91d-33ea4a1458ce
2024-07-15T12:01:36.988Z [[32minfo[39m]: Category retrieved successfully: 004f2644-8873-4a89-b91d-33ea4a1458ce
2024-07-15T12:01:58.532Z [[33mwarn[39m]: Validation error: "description" is not allowed
2024-07-15T12:03:43.191Z [[32minfo[39m]: Category retrieved successfully: 004f2644-8873-4a89-b91d-33ea4a1458ce
2024-07-15T12:03:59.665Z [[32minfo[39m]: SubCategory created successfully: f9f4c60d-8a50-4122-a939-77250341f5d7
2024-07-15T12:05:06.550Z [[32minfo[39m]: Category retrieved successfully: 004f2644-8873-4a89-b91d-33ea4a1458ce
2024-07-15T12:05:28.849Z [[32minfo[39m]: SubCategory created successfully: d2045715-d6c3-4f39-8ad0-00d2196721c0
2024-07-15T12:05:32.598Z [[32minfo[39m]: Category retrieved successfully: 004f2644-8873-4a89-b91d-33ea4a1458ce
2024-07-15T12:05:57.629Z [[33mwarn[39m]: Validation error: "categoryId" is required
2024-07-15T12:06:26.013Z [[32minfo[39m]: Category retrieved successfully: 004f2644-8873-4a89-b91d-33ea4a1458ce
2024-07-15T12:12:49.964Z [[32minfo[39m]: Category retrieved successfully: 004f2644-8873-4a89-b91d-33ea4a1458ce
2024-07-15T12:13:06.040Z [[32minfo[39m]: SubCategory updated successfully: d2045715-d6c3-4f39-8ad0-00d2196721c0
2024-07-15T12:14:02.697Z [[32minfo[39m]: Category retrieved successfully: 004f2644-8873-4a89-b91d-33ea4a1458ce
2024-07-15T12:14:14.562Z [[32minfo[39m]: SubCategory updated successfully: d2045715-d6c3-4f39-8ad0-00d2196721c0
2024-07-15T12:14:26.889Z [[32minfo[39m]: SubCategory deleted successfully: d2045715-d6c3-4f39-8ad0-00d2196721c0
2024-07-15T12:14:30.212Z [[32minfo[39m]: Category retrieved successfully: 004f2644-8873-4a89-b91d-33ea4a1458ce
2024-07-15T12:16:48.035Z [[32minfo[39m]: Category retrieved successfully: 004f2644-8873-4a89-b91d-33ea4a1458ce
2024-07-15T12:19:20.948Z [[33mwarn[39m]: Validation error: "name" length must be less than or equal to 50 characters long
2024-07-15T12:19:34.511Z [[33mwarn[39m]: Validation error: "name" length must be less than or equal to 50 characters long
2024-07-15T12:19:48.201Z [[33mwarn[39m]: Validation error: "name" length must be less than or equal to 50 characters long
2024-07-15T12:23:12.092Z [[32minfo[39m]: Category retrieved successfully: 004f2644-8873-4a89-b91d-33ea4a1458ce
2024-07-15T12:23:28.444Z [[33mwarn[39m]: Validation error: "name" length must be less than or equal to 50 characters long
2024-07-15T12:25:45.698Z [[32minfo[39m]: Category retrieved successfully: 004f2644-8873-4a89-b91d-33ea4a1458ce
2024-07-15T12:25:52.699Z [[32minfo[39m]: SubCategory updated successfully: f9f4c60d-8a50-4122-a939-77250341f5d7
2024-07-15T12:26:34.914Z [[32minfo[39m]: SubCategory updated successfully: f9f4c60d-8a50-4122-a939-77250341f5d7
2024-07-15T12:30:24.484Z [[32minfo[39m]: Category retrieved successfully: 004f2644-8873-4a89-b91d-33ea4a1458ce
2024-07-15T12:30:57.552Z [[32minfo[39m]: SubCategory created successfully: fe9153f3-a6fd-46ce-99aa-a3b407dfba0b
2024-07-15T12:31:50.604Z [[32minfo[39m]: Category retrieved successfully:
2024-07-15T12:32:16.726Z [[32minfo[39m]: Category retrieved successfully:
2024-07-15T12:32:23.566Z [[32minfo[39m]: Category retrieved successfully: 0656413a-a29d-4d89-8474-6d56e3989fb8
2024-07-15T12:33:02.194Z [[32minfo[39m]: Category retrieved successfully: 0656413a-a29d-4d89-8474-6d56e3989fb8
2024-07-15T12:33:39.986Z [[32minfo[39m]: Category retrieved successfully: 0656413a-a29d-4d89-8474-6d56e3989fb8
2024-07-15T12:33:57.350Z [[32minfo[39m]: Category retrieved successfully:
2024-07-15T12:34:06.133Z [[32minfo[39m]: Category retrieved successfully: 004f2644-8873-4a89-b91d-33ea4a1458ce
2024-07-15T12:34:13.892Z [[32minfo[39m]: Category retrieved successfully:
2024-07-15T12:34:19.135Z [[32minfo[39m]: Category retrieved successfully: 0656413a-a29d-4d89-8474-6d56e3989fb8
2024-07-15T12:34:41.683Z [[32minfo[39m]: SubCategory created successfully: a5524325-1239-470f-83e3-54ce5f418898
2024-07-15T12:34:51.253Z [[32minfo[39m]: Category retrieved successfully: 0656413a-a29d-4d89-8474-6d56e3989fb8
2024-07-15T12:35:05.179Z [[32minfo[39m]: Category retrieved successfully: 0656413a-a29d-4d89-8474-6d56e3989fb8
2024-07-15T12:42:39.545Z [[32minfo[39m]: Category retrieved successfully: 0656413a-a29d-4d89-8474-6d56e3989fb8
2024-07-15T12:51:33.886Z [[32minfo[39m]: Category retrieved successfully: 0656413a-a29d-4d89-8474-6d56e3989fb8
2024-07-15T12:54:16.348Z [[32minfo[39m]: SubCategory created successfully: d6e63bb5-fa67-4cc4-8654-25933b02e2b9
2024-07-15T12:56:19.858Z [[32minfo[39m]: Category retrieved successfully: 0656413a-a29d-4d89-8474-6d56e3989fb8
2024-07-15T13:16:49.360Z [[32minfo[39m]: Category retrieved successfully: 0656413a-a29d-4d89-8474-6d56e3989fb8
2024-07-15T13:18:10.659Z [[32minfo[39m]: Category retrieved successfully: 0656413a-a29d-4d89-8474-6d56e3989fb8
2024-07-15T13:18:46.418Z [[32minfo[39m]: Category retrieved successfully: 0656413a-a29d-4d89-8474-6d56e3989fb8
2024-07-15T13:19:26.643Z [[32minfo[39m]: Category retrieved successfully: 0656413a-a29d-4d89-8474-6d56e3989fb8
2024-07-15T13:24:01.040Z [[32minfo[39m]: Category retrieved successfully: 0656413a-a29d-4d89-8474-6d56e3989fb8
2024-07-15T13:24:43.626Z [[32minfo[39m]: Category retrieved successfully: 0656413a-a29d-4d89-8474-6d56e3989fb8
2024-07-15T13:32:56.340Z [[32minfo[39m]: Category retrieved successfully: 0656413a-a29d-4d89-8474-6d56e3989fb8
2024-07-15T13:37:14.379Z [[32minfo[39m]: Category retrieved successfully: 0656413a-a29d-4d89-8474-6d56e3989fb8
2024-07-17T06:58:32.701Z [[32minfo[39m]: User logged in: admin@admin.com
2024-07-17T07:01:11.938Z [[32minfo[39m]: Category retrieved successfully:
2024-07-17T07:02:35.568Z [[32minfo[39m]: Category retrieved successfully:
2024-07-17T07:02:43.183Z [[32minfo[39m]: Category retrieved successfully: 004f2644-8873-4a89-b91d-33ea4a1458ce
2024-07-17T07:03:39.411Z [[32minfo[39m]: Category retrieved successfully: 004f2644-8873-4a89-b91d-33ea4a1458ce
2024-07-17T07:11:57.100Z [[32minfo[39m]: Category retrieved successfully: 004f2644-8873-4a89-b91d-33ea4a1458ce
2024-07-17T07:16:10.065Z [[32minfo[39m]: Category retrieved successfully: 004f2644-8873-4a89-b91d-33ea4a1458ce
2024-07-17T07:16:49.500Z [[32minfo[39m]: Category retrieved successfully: 004f2644-8873-4a89-b91d-33ea4a1458ce
2024-07-17T07:17:45.677Z [[32minfo[39m]: Category retrieved successfully: 004f2644-8873-4a89-b91d-33ea4a1458ce
2024-07-17T07:18:13.316Z [[32minfo[39m]: SubCategory created successfully: 22b4f905-27b2-42f5-92a2-82907607ebef
2024-07-17T07:18:41.924Z [[32minfo[39m]: Category retrieved successfully: 004f2644-8873-4a89-b91d-33ea4a1458ce
2024-07-17T07:18:47.751Z [[32minfo[39m]: SubCategory deleted successfully: 22b4f905-27b2-42f5-92a2-82907607ebef
2024-07-17T07:20:38.899Z [[32minfo[39m]: User logged in: admin@admin.com
2024-07-17T07:21:21.559Z [[32minfo[39m]: Category retrieved successfully:
2024-07-17T07:21:48.695Z [[32minfo[39m]: User logged in: admin@admin.com
2024-07-17T07:22:04.753Z [[32minfo[39m]: Category retrieved successfully: 004f2644-8873-4a89-b91d-33ea4a1458ce
2024-07-17T07:23:07.326Z [[32minfo[39m]: Category retrieved successfully: 004f2644-8873-4a89-b91d-33ea4a1458ce
2024-07-17T07:23:49.138Z [[32minfo[39m]: Category retrieved successfully: 004f2644-8873-4a89-b91d-33ea4a1458ce
2024-07-17T07:27:58.205Z [[32minfo[39m]: Category retrieved successfully: 004f2644-8873-4a89-b91d-33ea4a1458ce
2024-07-17T07:29:51.732Z [[32minfo[39m]: Category retrieved successfully: 004f2644-8873-4a89-b91d-33ea4a1458ce
2024-07-17T07:31:28.465Z [[32minfo[39m]: Category retrieved successfully: 004f2644-8873-4a89-b91d-33ea4a1458ce
2024-07-17T07:32:14.867Z [[32minfo[39m]: SubCategory created successfully: 0f8adc79-7203-45ec-b5fe-faa67845d10b
2024-07-17T07:32:36.923Z [[32minfo[39m]: SubCategory created successfully: 494594c2-aebd-4dc3-90d3-6d577e508439
2024-07-17T07:32:44.997Z [[32minfo[39m]: Category retrieved successfully: 004f2644-8873-4a89-b91d-33ea4a1458ce
2024-07-17T07:32:54.823Z [[32minfo[39m]: SubCategory deleted successfully: 0f8adc79-7203-45ec-b5fe-faa67845d10b
2024-07-17T07:32:58.727Z [[32minfo[39m]: SubCategory deleted successfully: 494594c2-aebd-4dc3-90d3-6d577e508439
2024-07-17T07:35:36.586Z [[32minfo[39m]: Category retrieved successfully: 004f2644-8873-4a89-b91d-33ea4a1458ce
2024-07-17T07:36:00.483Z [[32minfo[39m]: Category retrieved successfully: 004f2644-8873-4a89-b91d-33ea4a1458ce
2024-07-17T07:37:24.941Z [[32minfo[39m]: Category retrieved successfully: 004f2644-8873-4a89-b91d-33ea4a1458ce
2024-07-17T07:42:44.264Z [[32minfo[39m]: Category retrieved successfully: 004f2644-8873-4a89-b91d-33ea4a1458ce
2024-07-17T07:43:10.658Z [[32minfo[39m]: Category retrieved successfully: 004f2644-8873-4a89-b91d-33ea4a1458ce
2024-07-17T07:43:37.495Z [[32minfo[39m]: Category retrieved successfully: 004f2644-8873-4a89-b91d-33ea4a1458ce
2024-07-17T07:43:46.646Z [[32minfo[39m]: Category retrieved successfully: 004f2644-8873-4a89-b91d-33ea4a1458ce
2024-07-17T07:44:41.182Z [[32minfo[39m]: Category retrieved successfully: 004f2644-8873-4a89-b91d-33ea4a1458ce
2024-07-17T07:47:21.575Z [[32minfo[39m]: Category retrieved successfully: 004f2644-8873-4a89-b91d-33ea4a1458ce
2024-07-17T07:47:40.861Z [[32minfo[39m]: Category retrieved successfully: 004f2644-8873-4a89-b91d-33ea4a1458ce
2024-07-17T07:47:41.628Z [[32minfo[39m]: Category retrieved successfully: 004f2644-8873-4a89-b91d-33ea4a1458ce
2024-07-17T07:48:10.876Z [[32minfo[39m]: Category retrieved successfully: 004f2644-8873-4a89-b91d-33ea4a1458ce
2024-07-17T07:48:33.379Z [[32minfo[39m]: Category retrieved successfully: 004f2644-8873-4a89-b91d-33ea4a1458ce
2024-07-17T08:46:36.745Z [[32minfo[39m]: Category retrieved successfully:
2024-07-17T08:46:43.425Z [[32minfo[39m]: Category retrieved successfully: 004f2644-8873-4a89-b91d-33ea4a1458ce
2024-07-17T08:48:12.192Z [[32minfo[39m]: Category retrieved successfully: 004f2644-8873-4a89-b91d-33ea4a1458ce
2024-07-17T08:48:58.731Z [[32minfo[39m]: Category retrieved successfully: 004f2644-8873-4a89-b91d-33ea4a1458ce
2024-07-17T08:50:29.839Z [[32minfo[39m]: Category retrieved successfully: 004f2644-8873-4a89-b91d-33ea4a1458ce
2024-07-17T08:52:58.782Z [[32minfo[39m]: Category retrieved successfully: 004f2644-8873-4a89-b91d-33ea4a1458ce
2024-07-17T08:53:46.345Z [[32minfo[39m]: Category retrieved successfully: 004f2644-8873-4a89-b91d-33ea4a1458ce
2024-07-17T08:56:02.047Z [[32minfo[39m]: Category retrieved successfully: 004f2644-8873-4a89-b91d-33ea4a1458ce
2024-07-17T08:56:28.515Z [[32minfo[39m]: Category retrieved successfully: 004f2644-8873-4a89-b91d-33ea4a1458ce
2024-07-17T08:59:15.591Z [[32minfo[39m]: Brands retrieved successfully
2024-07-17T08:59:45.872Z [[32minfo[39m]: Brand created successfully: 2b1c0158-f3a3-4a1e-b69f-2ed11178941f
2024-07-17T08:59:53.642Z [[32minfo[39m]: Brands retrieved successfully
2024-07-17T08:59:56.254Z [[33mwarn[39m]: Category not found: 2b1c0158-f3a3-4a1e-b69f-2ed11178941f
2024-07-17T09:00:00.331Z [[33mwarn[39m]: Category not found: 2b1c0158-f3a3-4a1e-b69f-2ed11178941f
2024-07-17T09:00:06.031Z [[33mwarn[39m]: Category not found: 2b1c0158-f3a3-4a1e-b69f-2ed11178941f
2024-07-17T11:09:20.913Z [[31merror[39m]: Foreign key constraint error: Cannot add or update a child row: a foreign key constraint fails (`enku_beauty`.`product`, CONSTRAINT `FK_bb7d3d9dc1fae40293795ae39d6` FOREIGN KEY (`brandId`) REFERENCES `brand` (`id`) ON DELETE NO ACTION ON UPDATE NO ACTION)
